Determining if the pthread_create exist failed with the following output:
Change Dir: /home/robotics/git_work/Drunken_Fox/lab_two_ws/build/CMakeFiles/CMakeTmp

Run Build Command:/usr/bin/make "cmTryCompileExec3864621234/fast"
/usr/bin/make -f CMakeFiles/cmTryCompileExec3864621234.dir/build.make CMakeFiles/cmTryCompileExec3864621234.dir/build
make[1]: Entering directory `/home/robotics/git_work/Drunken_Fox/lab_two_ws/build/CMakeFiles/CMakeTmp'
/usr/bin/cmake -E cmake_progress_report /home/robotics/git_work/Drunken_Fox/lab_two_ws/build/CMakeFiles/CMakeTmp/CMakeFiles 1
Building C object CMakeFiles/cmTryCompileExec3864621234.dir/CheckSymbolExists.c.o
/usr/bin/cc    -o CMakeFiles/cmTryCompileExec3864621234.dir/CheckSymbolExists.c.o   -c /home/robotics/git_work/Drunken_Fox/lab_two_ws/build/CMakeFiles/CMakeTmp/CheckSymbolExists.c
Linking C executable cmTryCompileExec3864621234
/usr/bin/cmake -E cmake_link_script CMakeFiles/cmTryCompileExec3864621234.dir/link.txt --verbose=1
/usr/bin/cc       CMakeFiles/cmTryCompileExec3864621234.dir/CheckSymbolExists.c.o  -o cmTryCompileExec3864621234 -rdynamic 
CMakeFiles/cmTryCompileExec3864621234.dir/CheckSymbolExists.c.o: In function `main':
CheckSymbolExists.c:(.text+0x16): undefined reference to `pthread_create'
collect2: error: ld returned 1 exit status
make[1]: Leaving directory `/home/robotics/git_work/Drunken_Fox/lab_two_ws/build/CMakeFiles/CMakeTmp'
make[1]: *** [cmTryCompileExec3864621234] Error 1
make: *** [cmTryCompileExec3864621234/fast] Error 2

File /home/robotics/git_work/Drunken_Fox/lab_two_ws/build/CMakeFiles/CMakeTmp/CheckSymbolExists.c:
/* */
#include <pthread.h>

int main(int argc, char** argv)
{
  (void)argv;
#ifndef pthread_create
  return ((int*)(&pthread_create))[argc];
#else
  (void)argc;
  return 0;
#endif
}

Determining if the function pthread_create exists in the pthreads failed with the following output:
Change Dir: /home/robotics/git_work/Drunken_Fox/lab_two_ws/build/CMakeFiles/CMakeTmp

Run Build Command:/usr/bin/make "cmTryCompileExec3844142051/fast"
/usr/bin/make -f CMakeFiles/cmTryCompileExec3844142051.dir/build.make CMakeFiles/cmTryCompileExec3844142051.dir/build
make[1]: Entering directory `/home/robotics/git_work/Drunken_Fox/lab_two_ws/build/CMakeFiles/CMakeTmp'
/usr/bin/cmake -E cmake_progress_report /home/robotics/git_work/Drunken_Fox/lab_two_ws/build/CMakeFiles/CMakeTmp/CMakeFiles 1
Building C object CMakeFiles/cmTryCompileExec3844142051.dir/CheckFunctionExists.c.o
/usr/bin/cc   -DCHECK_FUNCTION_EXISTS=pthread_create   -o CMakeFiles/cmTryCompileExec3844142051.dir/CheckFunctionExists.c.o   -c /usr/share/cmake-2.8/Modules/CheckFunctionExists.c
Linking C executable cmTryCompileExec3844142051
/usr/bin/cmake -E cmake_link_script CMakeFiles/cmTryCompileExec3844142051.dir/link.txt --verbose=1
/usr/bin/cc   -DCHECK_FUNCTION_EXISTS=pthread_create    CMakeFiles/cmTryCompileExec3844142051.dir/CheckFunctionExists.c.o  -o cmTryCompileExec3844142051 -rdynamic -lpthreads 
/usr/bin/ld: cannot find -lpthreads
collect2: error: ld returned 1 exit status
make[1]: *** [cmTryCompileExec3844142051] Error 1
make[1]: Leaving directory `/home/robotics/git_work/Drunken_Fox/lab_two_ws/build/CMakeFiles/CMakeTmp'
make: *** [cmTryCompileExec3844142051/fast] Error 2


